Res_num	Original_aa	Ala	Delta
48	I	A	5.332025
212	N	A	0.448612
142	Y	A	5.442446
52	S	A	1.559984
90	Q	A	0.596244
96	P	A	5.039607
141	Y	A	2.687160
24	R	A	4.005022
138	F	A	6.635684
143	W	A	12.490757
210	P	A	3.989026
32	Y	A	3.206020
93	N	A	2.496868
211	G	A	4.714722
99	T	A	2.764008
219	L	A	5.527629
34	A	A	0.000000
89	Q	A	2.267966
161	N	A	3.266007
216	Y	A	7.313314
159	E	A	-0.054468
208	Y	A	2.654072
167	T	A	1.581148
46	L	A	7.473547
214	D	A	-1.666132
27	Q	A	0.405373
134	Y	A	4.538985
209	G	A	12.670284
133	V	A	6.648105
166	V	A	5.080611
213	Y	A	6.637926
207	D	A	-2.038331
31	S	A	1.052593
95	P	A	7.003304
91	R	A	1.663782
92	S	A	0.654923
215	W	A	8.575767
160	I	A	4.198503
136	G	A	-0.056642
144	S	A	1.404575
54	R	A	2.987438
51	A	A	0.000000
47	L	A	8.386090
29	V	A	4.819907
164	G	A	20.699514
97	A	A	0.000000
55	A	A	0.000000
135	G	A	9.029411
98	L	A	4.137995
26	S	A	2.671742
30	S	A	1.801983
28	S	A	1.477895
162	H	A	-0.828701
165	Y	A	2.331251
217	F	A	7.861738
140	G	A	-0.885597
53	N	A	0.032780
50	D	A	9.319864
94	W	A	2.134080
163	G	A	-0.985020
49	Y	A	5.810183
218	D	A	1.556419
139	S	A	0.154433
137	S	A	2.821259
25	A	A	0.000000
33	L	A	2.011483
