Res_num	Original_aa	Ala	Delta
48	I	A	0.000000
212	N	A	0.000000
142	Y	A	1.959855
52	S	A	0.000000
90	Q	A	0.000000
96	P	A	0.000000
141	Y	A	0.000000
24	R	A	1.050650
138	F	A	0.000000
143	W	A	0.905443
210	P	A	0.000000
32	Y	A	0.000000
93	N	A	1.422280
211	G	A	-0.015639
99	T	A	0.687655
219	L	A	0.000000
34	A	A	0.000000
89	Q	A	1.624041
161	N	A	1.219249
216	Y	A	1.156232
159	E	A	3.489884
208	Y	A	0.000000
167	T	A	0.000000
46	L	A	0.000000
214	D	A	0.000000
27	Q	A	0.000000
134	Y	A	0.000000
209	G	A	-0.056857
133	V	A	0.000000
166	V	A	0.000000
213	Y	A	1.087303
207	D	A	1.333387
31	S	A	0.000000
95	P	A	0.000000
91	R	A	1.710526
92	S	A	1.505248
215	W	A	1.150228
160	I	A	0.000000
136	G	A	0.000000
144	S	A	2.699140
54	R	A	0.827446
51	A	A	0.000000
47	L	A	0.074853
29	V	A	-0.039739
164	G	A	0.052401
97	A	A	0.000000
55	A	A	0.000000
135	G	A	0.022923
98	L	A	0.000000
26	S	A	1.236990
30	S	A	0.000000
28	S	A	1.062003
162	H	A	0.000000
165	Y	A	0.000000
217	F	A	0.000000
140	G	A	0.000000
53	N	A	0.000000
50	D	A	2.650737
94	W	A	0.000000
163	G	A	-0.052401
49	Y	A	0.000000
218	D	A	1.548662
139	S	A	0.000000
137	S	A	0.810881
25	A	A	0.000000
33	L	A	0.000000
